<?xml version="1.0" encoding="UTF-8"?>
<!-- Generated by org.testng.reporters.JUnitXMLReporter -->
<testsuite ignored="1" hostname="DESKTOP-CC5NDI8" failures="3" tests="4" name="Command line test" time="19.098" errors="0" timestamp="2022-09-16T19:41:34 IST">
  <testcase classname="screenshot.BaseTest" name="@AfterTest teadDown" time="0.001">
    <failure type="java.lang.NullPointerException" message="Cannot invoke &amp;quot;org.openqa.selenium.WebDriver.quit()&amp;quot; because &amp;quot;this.driver&amp;quot; is null">
      <![CDATA[java.lang.NullPointerException: Cannot invoke "org.openqa.selenium.WebDriver.quit()" because "this.driver" is null
at screenshot.BaseTest.teadDown(BaseTest.java:27)
... Removed 34 stack frames]]>
    </failure>
  </testcase> <!-- @AfterTest teadDown -->
  <testcase classname="screenshot.TestClass" name="TestGoogle" time="0.007">
    <failure type="java.lang.NullPointerException" message="Cannot invoke &amp;quot;org.openqa.selenium.WebDriver.get(String)&amp;quot; because &amp;quot;this.driver&amp;quot; is null">
      <![CDATA[java.lang.NullPointerException: Cannot invoke "org.openqa.selenium.WebDriver.get(String)" because "this.driver" is null
at screenshot.TestClass.TestGoogle(TestClass.java:13)
at java.base/java.util.ArrayList.forEach(ArrayList.java:1511)
... Removed 37 stack frames]]>
    </failure>
  </testcase> <!-- TestGoogle -->
  <testcase classname="screenshot.TestClass" name="TestOrangeHRM" time="0.001">
    <failure type="java.lang.NullPointerException" message="Cannot invoke &amp;quot;org.openqa.selenium.WebDriver.get(String)&amp;quot; because &amp;quot;this.driver&amp;quot; is null">
      <![CDATA[java.lang.NullPointerException: Cannot invoke "org.openqa.selenium.WebDriver.get(String)" because "this.driver" is null
at screenshot.TestClass.TestOrangeHRM(TestClass.java:28)
at java.base/java.util.ArrayList.forEach(ArrayList.java:1511)
... Removed 37 stack frames]]>
    </failure>
  </testcase> <!-- TestOrangeHRM -->
  <testcase classname="TestOrangeHRM.VrifyTest" name="log" time="6.397"/>
  <testcase classname="TestOrangeHRM.VrifyTest" name="homepg" time="3.141">
    <failure type="java.lang.AssertionError" message="null">
      <![CDATA[java.lang.AssertionError: null
at TestOrangeHRM.VrifyTest.homepg(VrifyTest.java:60)
at java.base/java.util.ArrayList.forEach(ArrayList.java:1511)
... Removed 39 stack frames]]>
    </failure>
  </testcase> <!-- homepg -->
  <testcase classname="screenshot.BaseTest" name="@AfterTest teadDown" time="0.0">
    <ignored/>
  </testcase> <!-- @AfterTest teadDown -->
</testsuite> <!-- Command line test -->
