<?xml version="1.0" encoding="UTF-8"?>
<testng-results ignored="0" total="1" passed="0" failed="1" skipped="0">
  <reporter-output>
  </reporter-output>
  <suite started-at="2022-09-16T20:46:42 IST" name="Default suite" finished-at="2022-09-16T20:46:54 IST" duration-ms="11302">
    <groups>
    </groups>
    <test started-at="2022-09-16T20:46:42 IST" name="Default test" finished-at="2022-09-16T20:46:54 IST" duration-ms="11302">
      <class name="TestOrangeHRM.SwagLagVerify">
        <test-method is-config="true" signature="Setup()[pri:0, instance:TestOrangeHRM.SwagLagVerify@1a18644]" started-at="2022-09-16T20:46:42 IST" name="Setup" finished-at="2022-09-16T20:46:49 IST" duration-ms="6520" status="PASS">
          <reporter-output>
          </reporter-output>
        </test-method> <!-- Setup -->
        <test-method signature="Login()[pri:0, instance:TestOrangeHRM.SwagLagVerify@1a18644]" started-at="2022-09-16T20:46:49 IST" name="Login" finished-at="2022-09-16T20:46:52 IST" duration-ms="2669" status="FAIL">
          <exception class="java.lang.AssertionError">
            <message>
              <![CDATA[loging fail]]>
            </message>
            <full-stacktrace>
              <![CDATA[java.lang.AssertionError: loging fail
at org.testng.Assert.fail(Assert.java:99)
at TestOrangeHRM.SwagLagVerify.Login(SwagLagVerify.java:54)
at java.base/jdk.internal.reflect.NativeMethodAccessorImpl.invoke0(Native Method)
at java.base/jdk.internal.reflect.NativeMethodAccessorImpl.invoke(NativeMethodAccessorImpl.java:77)
at java.base/jdk.internal.reflect.DelegatingMethodAccessorImpl.invoke(DelegatingMethodAccessorImpl.java:43)
at java.base/java.lang.reflect.Method.invoke(Method.java:568)
at org.testng.internal.MethodInvocationHelper.invokeMethod(MethodInvocationHelper.java:133)
at org.testng.internal.TestInvoker.invokeMethod(TestInvoker.java:598)
at org.testng.internal.TestInvoker.invokeTestMethod(TestInvoker.java:173)
at org.testng.internal.MethodRunner.runInSequence(MethodRunner.java:46)
at org.testng.internal.TestInvoker$MethodInvocationAgent.invoke(TestInvoker.java:824)
at org.testng.internal.TestInvoker.invokeTestMethods(TestInvoker.java:146)
at org.testng.internal.TestMethodWorker.invokeTestMethods(TestMethodWorker.java:146)
at org.testng.internal.TestMethodWorker.run(TestMethodWorker.java:128)
at java.base/java.util.ArrayList.forEach(ArrayList.java:1511)
at org.testng.TestRunner.privateRun(TestRunner.java:794)
at org.testng.TestRunner.run(TestRunner.java:596)
at org.testng.SuiteRunner.runTest(SuiteRunner.java:377)
at org.testng.SuiteRunner.runSequentially(SuiteRunner.java:371)
at org.testng.SuiteRunner.privateRun(SuiteRunner.java:332)
at org.testng.SuiteRunner.run(SuiteRunner.java:276)
at org.testng.SuiteRunnerWorker.runSuite(SuiteRunnerWorker.java:53)
at org.testng.SuiteRunnerWorker.run(SuiteRunnerWorker.java:96)
at org.testng.TestNG.runSuitesSequentially(TestNG.java:1212)
at org.testng.TestNG.runSuitesLocally(TestNG.java:1134)
at org.testng.TestNG.runSuites(TestNG.java:1063)
at org.testng.TestNG.run(TestNG.java:1031)
at org.testng.remote.AbstractRemoteTestNG.run(AbstractRemoteTestNG.java:115)
at org.testng.remote.RemoteTestNG.initAndRun(RemoteTestNG.java:251)
at org.testng.remote.RemoteTestNG.main(RemoteTestNG.java:77)
]]>
            </full-stacktrace>
          </exception> <!-- java.lang.AssertionError -->
          <reporter-output>
          </reporter-output>
        </test-method> <!-- Login -->
        <test-method is-config="true" signature="generatereort(org.testng.ITestResult)[pri:0, instance:TestOrangeHRM.SwagLagVerify@1a18644]" started-at="2022-09-16T20:46:52 IST" name="generatereort" finished-at="2022-09-16T20:46:53 IST" duration-ms="1756" status="PASS">
          <params>
            <param index="0">
              <value>
                <![CDATA[[TestResult name=Login status=FAILURE method=SwagLagVerify.Login()[pri:0, instance:TestOrangeHRM.SwagLagVerify@1a18644] output={null}]]]>
              </value>
            </param>
          </params>
          <reporter-output>
          </reporter-output>
        </test-method> <!-- generatereort -->
        <test-method is-config="true" signature="Close()[pri:0, instance:TestOrangeHRM.SwagLagVerify@1a18644]" started-at="2022-09-16T20:46:53 IST" name="Close" finished-at="2022-09-16T20:46:54 IST" duration-ms="286" status="PASS">
          <reporter-output>
          </reporter-output>
        </test-method> <!-- Close -->
      </class> <!-- TestOrangeHRM.SwagLagVerify -->
    </test> <!-- Default test -->
  </suite> <!-- Default suite -->
</testng-results>
