<?xml version="1.0" encoding="UTF-8"?>
<testng-results ignored="0" total="2" passed="1" failed="1" skipped="0">
  <reporter-output>
  </reporter-output>
  <suite started-at="2022-09-16T19:46:42 IST" name="TestOrangeHRM.VrifyTest" finished-at="2022-09-16T19:47:02 IST" duration-ms="20248">
    <groups>
    </groups>
    <test started-at="2022-09-16T19:46:42 IST" name="Command line test" finished-at="2022-09-16T19:47:02 IST" duration-ms="20248">
      <class name="TestOrangeHRM.VrifyTest">
        <test-method is-config="true" signature="setup()[pri:0, instance:TestOrangeHRM.VrifyTest@7ec7ffd3]" started-at="2022-09-16T19:46:42 IST" name="setup" finished-at="2022-09-16T19:46:50 IST" duration-ms="8575" status="PASS">
          <reporter-output>
          </reporter-output>
        </test-method> <!-- setup -->
        <test-method signature="log()[pri:0, instance:TestOrangeHRM.VrifyTest@7ec7ffd3]" started-at="2022-09-16T19:46:50 IST" name="log" finished-at="2022-09-16T19:46:57 IST" duration-ms="6428" status="PASS">
          <reporter-output>
          </reporter-output>
        </test-method> <!-- log -->
        <test-method is-config="true" signature="generatereort(org.testng.ITestResult)[pri:0, instance:TestOrangeHRM.VrifyTest@7ec7ffd3]" started-at="2022-09-16T19:46:57 IST" name="generatereort" finished-at="2022-09-16T19:46:57 IST" duration-ms="623" status="PASS">
          <params>
            <param index="0">
              <value>
                <![CDATA[[TestResult name=log status=SUCCESS method=VrifyTest.log()[pri:0, instance:TestOrangeHRM.VrifyTest@7ec7ffd3] output={null}]]]>
              </value>
            </param>
          </params>
          <reporter-output>
          </reporter-output>
        </test-method> <!-- generatereort -->
        <test-method signature="homepg()[pri:1, instance:TestOrangeHRM.VrifyTest@7ec7ffd3]" started-at="2022-09-16T19:46:57 IST" name="homepg" finished-at="2022-09-16T19:47:01 IST" duration-ms="3657" status="FAIL">
          <exception class="java.lang.AssertionError">
            <message>
              <![CDATA[null]]>
            </message>
            <full-stacktrace>
              <![CDATA[java.lang.AssertionError: null
at org.testng.Assert.fail(Assert.java:97)
at org.testng.Assert.fail(Assert.java:102)
at TestOrangeHRM.VrifyTest.homepg(VrifyTest.java:60)
at java.base/jdk.internal.reflect.NativeMethodAccessorImpl.invoke0(Native Method)
at java.base/jdk.internal.reflect.NativeMethodAccessorImpl.invoke(NativeMethodAccessorImpl.java:77)
at java.base/jdk.internal.reflect.DelegatingMethodAccessorImpl.invoke(DelegatingMethodAccessorImpl.java:43)
at java.base/java.lang.reflect.Method.invoke(Method.java:568)
at org.testng.internal.MethodInvocationHelper.invokeMethod(MethodInvocationHelper.java:134)
at org.testng.internal.TestInvoker.invokeMethod(TestInvoker.java:597)
at org.testng.internal.TestInvoker.invokeTestMethod(TestInvoker.java:173)
at org.testng.internal.MethodRunner.runInSequence(MethodRunner.java:46)
at org.testng.internal.TestInvoker$MethodInvocationAgent.invoke(TestInvoker.java:816)
at org.testng.internal.TestInvoker.invokeTestMethods(TestInvoker.java:146)
at org.testng.internal.TestMethodWorker.invokeTestMethods(TestMethodWorker.java:146)
at org.testng.internal.TestMethodWorker.run(TestMethodWorker.java:128)
at java.base/java.util.ArrayList.forEach(ArrayList.java:1511)
at org.testng.TestRunner.privateRun(TestRunner.java:766)
at org.testng.TestRunner.run(TestRunner.java:587)
at org.testng.SuiteRunner.runTest(SuiteRunner.java:384)
at org.testng.SuiteRunner.runSequentially(SuiteRunner.java:378)
at org.testng.SuiteRunner.privateRun(SuiteRunner.java:337)
at org.testng.SuiteRunner.run(SuiteRunner.java:286)
at org.testng.SuiteRunnerWorker.runSuite(SuiteRunnerWorker.java:53)
at org.testng.SuiteRunnerWorker.run(SuiteRunnerWorker.java:96)
at org.testng.TestNG.runSuitesSequentially(TestNG.java:1187)
at org.testng.TestNG.runSuitesLocally(TestNG.java:1109)
at org.testng.TestNG.runSuites(TestNG.java:1039)
at org.testng.TestNG.run(TestNG.java:1007)
at org.apache.maven.surefire.testng.TestNGExecutor.run(TestNGExecutor.java:77)
at org.apache.maven.surefire.testng.TestNGDirectoryTestSuite.execute(TestNGDirectoryTestSuite.java:110)
at org.apache.maven.surefire.testng.TestNGProvider.invoke(TestNGProvider.java:106)
at java.base/jdk.internal.reflect.NativeMethodAccessorImpl.invoke0(Native Method)
at java.base/jdk.internal.reflect.NativeMethodAccessorImpl.invoke(NativeMethodAccessorImpl.java:77)
at java.base/jdk.internal.reflect.DelegatingMethodAccessorImpl.invoke(DelegatingMethodAccessorImpl.java:43)
at java.base/java.lang.reflect.Method.invoke(Method.java:568)
at org.apache.maven.surefire.util.ReflectionUtils.invokeMethodWithArray(ReflectionUtils.java:189)
at org.apache.maven.surefire.booter.ProviderFactory$ProviderProxy.invoke(ProviderFactory.java:165)
at org.apache.maven.surefire.booter.ProviderFactory.invokeProvider(ProviderFactory.java:85)
at org.apache.maven.surefire.booter.ForkedBooter.runSuitesInProcess(ForkedBooter.java:115)
at org.apache.maven.surefire.booter.ForkedBooter.main(ForkedBooter.java:75)
]]>
            </full-stacktrace>
          </exception> <!-- java.lang.AssertionError -->
          <reporter-output>
          </reporter-output>
        </test-method> <!-- homepg -->
        <test-method is-config="true" signature="generatereort(org.testng.ITestResult)[pri:0, instance:TestOrangeHRM.VrifyTest@7ec7ffd3]" started-at="2022-09-16T19:47:01 IST" name="generatereort" finished-at="2022-09-16T19:47:02 IST" duration-ms="459" status="PASS">
          <params>
            <param index="0">
              <value>
                <![CDATA[[TestResult name=homepg status=FAILURE method=VrifyTest.homepg()[pri:1, instance:TestOrangeHRM.VrifyTest@7ec7ffd3] output={null}]]]>
              </value>
            </param>
          </params>
          <reporter-output>
          </reporter-output>
        </test-method> <!-- generatereort -->
        <test-method is-config="true" signature="autogenerate()[pri:0, instance:TestOrangeHRM.VrifyTest@7ec7ffd3]" started-at="2022-09-16T19:47:02 IST" name="autogenerate" finished-at="2022-09-16T19:47:02 IST" duration-ms="451" status="PASS">
          <reporter-output>
          </reporter-output>
        </test-method> <!-- autogenerate -->
      </class> <!-- TestOrangeHRM.VrifyTest -->
    </test> <!-- Command line test -->
  </suite> <!-- TestOrangeHRM.VrifyTest -->
</testng-results>
