<?xml version="1.0" encoding="UTF-8"?>
<!-- Generated by org.testng.reporters.JUnitXMLReporter -->
<testsuite ignored="0" hostname="DESKTOP-CC5NDI8" failures="0" tests="5" name="Test12" time="0.097" errors="0" timestamp="2022-09-02T22:42:50 IST">
  <testcase classname="TestNGpackage.CrossBrowserTesting" name="@BeforeTest InitialiseBrowser" time="-1.662138770661E9">
    <failure type="org.testng.TestNGException" message="
Parameter &amp;apos;browseNname&amp;apos; is required by BeforeTest on method InitialiseBrowser but has not been marked @Optional or defined
in C:\Users\Admin\eclipse-workspace\AnnotationsTNG\CrossBrowser.xml">
      <![CDATA[org.testng.TestNGException: 
Parameter 'browseNname' is required by BeforeTest on method InitialiseBrowser but has not been marked @Optional or defined
in C:\Users\Admin\eclipse-workspace\AnnotationsTNG\CrossBrowser.xml
... Removed 21 stack frames]]>
    </failure>
  </testcase> <!-- @BeforeTest InitialiseBrowser -->
  <testcase classname="TestNGpackage.CrossBrowserTesting" name="@AfterTest Teardown" time="-1.662138770749E9">
    <skipped/>
  </testcase> <!-- @AfterTest Teardown -->
  <testcase classname="TestNGpackage.CrossBrowserTesting" name="EnterloginDetails" time="0.0">
    <skipped/>
  </testcase> <!-- EnterloginDetails -->
  <testcase classname="TestNGpackage.CrossBrowserTesting" name="LaunchApp" time="0.0">
    <skipped/>
  </testcase> <!-- LaunchApp -->
  <testcase classname="TestNGpackage.CrossBrowserTesting" name="NaviagateToMyInfo" time="0.0">
    <skipped/>
  </testcase> <!-- NaviagateToMyInfo -->
  <testcase classname="TestNGpackage.CrossBrowserTesting" name="VerifyEmplyeeDetails" time="0.0">
    <skipped/>
  </testcase> <!-- VerifyEmplyeeDetails -->
  <testcase classname="TestNGpackage.CrossBrowserTesting" name="VerifyMyInfo" time="0.0">
    <skipped/>
  </testcase> <!-- VerifyMyInfo -->
</testsuite> <!-- Test12 -->
